c:\users\ocher\onedrive\документы\lab5\lab5\debug\vc142.pdb
c:\users\ocher\onedrive\документы\lab5\lab5\debug\vc142.idb
c:\users\ocher\onedrive\документы\lab5\lab5\debug\toolbar.obj
c:\users\ocher\onedrive\документы\lab5\lab5\debug\shape.obj
c:\users\ocher\onedrive\документы\lab5\lab5\debug\rect_shape.obj
c:\users\ocher\onedrive\документы\lab5\lab5\debug\point_shape.obj
c:\users\ocher\onedrive\документы\lab5\lab5\debug\olineo_shape.obj
c:\users\ocher\onedrive\документы\lab5\lab5\debug\my_table.obj
c:\users\ocher\onedrive\документы\lab5\lab5\debug\my_editor.obj
c:\users\ocher\onedrive\документы\lab5\lab5\debug\line_shape.obj
c:\users\ocher\onedrive\документы\lab5\lab5\debug\lab5.obj
c:\users\ocher\onedrive\документы\lab5\lab5\debug\ellipse_shape.obj
c:\users\ocher\onedrive\документы\lab5\lab5\debug\editor.obj
c:\users\ocher\onedrive\документы\lab5\lab5\debug\cube_shape.obj
c:\users\ocher\onedrive\документы\lab5\debug\lab5.exe
c:\users\ocher\onedrive\документы\lab5\lab5\debug\lab5.ilk
c:\users\ocher\onedrive\документы\lab5\debug\lab5.pdb
c:\users\ocher\onedrive\документы\lab5\lab5\debug\lab5.res
c:\users\ocher\onedrive\документы\lab5\lab5\debug\lab5.tlog\cl.command.1.tlog
c:\users\ocher\onedrive\документы\lab5\lab5\debug\lab5.tlog\cl.read.1.tlog
c:\users\ocher\onedrive\документы\lab5\lab5\debug\lab5.tlog\cl.write.1.tlog
c:\users\ocher\onedrive\документы\lab5\lab5\debug\lab5.tlog\link.command.1.tlog
c:\users\ocher\onedrive\документы\lab5\lab5\debug\lab5.tlog\link.read.1.tlog
c:\users\ocher\onedrive\документы\lab5\lab5\debug\lab5.tlog\link.write.1.tlog
c:\users\ocher\onedrive\документы\lab5\lab5\debug\lab5.tlog\rc.command.1.tlog
c:\users\ocher\onedrive\документы\lab5\lab5\debug\lab5.tlog\rc.read.1.tlog
c:\users\ocher\onedrive\документы\lab5\lab5\debug\lab5.tlog\rc.write.1.tlog
